2023-09-19 00:55:18,509 
************************ process start ***************************************


2023-09-19 00:55:19,186 【今日A股】

>>>>>>>>>>>> 大盘概览
上涨：3307
涨停：53
真实涨停：48
st st*涨停：11
下跌：1572
跌停：14
真实跌停：10
st st*跌停：6
平盘：176
停牌：3
活跃度：65.38%
										
统计日期：2023-09-18 15:00:00

2023-09-19 00:55:21,879 【今日A股个股追踪】

>>>>>>>>>>>> 连续缩量1周及以上
002213 大为股份，连续缩量9天，综合
000863 三湘印象，连续缩量8天，房地产开发
002717 岭南股份，连续缩量8天，环保
600246 万通发展，连续缩量7天，房地产开发
603125 常青科技，连续缩量7天，化学制品

2023-09-19 00:55:27,665 【今日A股游资、股东追踪】

>>>>>>>>>>>> 内部交易
SH600995 南网储能，唐忠良 于 2023-09-17 以均价 9.76 买入 52000 股

>>>>>>>>>>>> 营业部买入追踪
002194 武汉凡谷，累计买入 3101.88w
600186 莲花健康，累计买入 2742.63w
002248 华东数控，累计买入 2693.69w
002355 兴民智通，累计买入 2020.55w
603278 大业股份，累计买入 1874.95w
002771 真视通，累计买入 579.48w
603377 东方时尚，累计买入 282.12w

>>>>>>>>>>>> 营业部上榜追踪
国信证券股份有限公司上海广富林路证券营业部 累计买入 804.99w，买入前三票为：常山药业
兴业证券股份有限公司南京庐山路证券营业部 累计买入 1267.96w，买入前三票为：常山药业
中国银河证券股份有限公司北京广安门证券营业部 累计买入 1644.61w，买入前三票为：凡拓数创
光大证券股份有限公司沈阳十一纬路证券营业部 累计买入 1972.29w，买入前三票为：通化金马
申港证券股份有限公司江苏分公司 累计买入 1769.24w，买入前三票为：高鸿股份
广发证券股份有限公司江西分公司（对外营业部） 累计买入 685.78w，买入前三票为：联合精密
中信证券股份有限公司赣州登峰大道证券营业部 累计买入 1705.39w，买入前三票为：粤海饲料
招商证券股份有限公司莆田东园东路证券营业部 累计买入 1974.22w，买入前三票为：粤海饲料
中信证券股份有限公司芜湖北京路证券营业部 累计买入 1839.24w，买入前三票为：兴民智通
光大证券股份有限公司福州五一北路证券营业部 累计买入 740.06w，买入前三票为：先锋电子
广发证券股份有限公司惠州下埔路证券营业部 累计买入 738.81w，买入前三票为：真视通
中泰证券股份有限公司巨野县麒麟大道证券营业部 累计买入 1028.56w，买入前三票为：真视通
长城证券股份有限公司西安锦业路证券营业部 累计买入 1239.39w，买入前三票为：福安药业
华鑫证券有限责任公司深圳分公司 累计买入 1230.68w，买入前三票为：威帝股份,云维股份
华鑫证券有限责任公司上海东大名路证券营业部 累计买入 1425.82w，买入前三票为：上海九百,云维股份
东北证券股份有限公司上海局门路证券营业部 累计买入 139.89w，买入前三票为：云维股份
安信证券股份有限公司梅州新中路证券营业部 累计买入 1629.92w，买入前三票为：大连热电
东莞证券股份有限公司湖南分公司 累计买入 851.38w，买入前三票为：大连热电
国新证券股份有限公司成都交子大道证券营业部 累计买入 569.72w，买入前三票为：合力科技
国融证券股份有限公司浙江分公司 累计买入 381.03w，买入前三票为：合力科技
国泰君安证券股份有限公司荥阳国泰路证券营业部 累计买入 258.41w，买入前三票为：合力科技

2023-09-19 00:56:15,406 **************"均线多头"**************

|股票代码      股票名称      涨跌幅      行业      流通值|
|001324       长青科技      10.0      交运设备      10.00亿|
|000766       通化金马      7.81      化学制药      130.60亿|
|600272       开开实业      4.89      医药商业      21.63亿|
|002787       华源控股      4.02      包装材料      20.99亿|
|603949       雪龙集团      3.91      汽车零部件      51.82亿|
|603716       塞力医疗      2.4      医药商业      23.17亿|
|603220       中贝通信      2.07      通信服务      79.02亿|
|600114       东睦股份      1.86      通用设备      64.17亿|
|600322       天房发展      1.52      房地产开发      29.63亿|
|600186       莲花健康      0.77      食品饮料      93.64亿|
|603106       恒银科技      0.56      计算机设备      37.58亿|
|600257       大湖股份      0.4      农牧饲渔      36.14亿|
|605069       正和生态      0.0      环保行业      9.46亿|
|000010       美丽生态      -0.86      工程建设      18.01亿|
|601136       首创证券      -1.08      证券      60.16亿|
|000090       天健集团      -1.11      房地产开发      116.22亿|
|601059       信达证券      -1.33      证券      55.23亿|
|002235       安妮股份      -2.28      文化传媒      44.63亿|
|603326       我乐家居      -2.4      装修建材      39.75亿|
|000536       华映科技      -3.69      光学光电子      93.67亿|
|002310       东方园林      -5.04      环保行业      70.85亿|
|000826       启迪环境      -5.73      环保行业      58.57亿|

**************"均线多头"**************

2023-09-19 00:56:19,436 **************"放量上涨"**************

|股票代码      股票名称      涨跌幅      行业      流通值|
|002269       美邦服饰      10.22      纺织服装      51.51亿|
|001324       长青科技      10.0      交运设备      10.00亿|
|002516       旷达科技      9.98      汽车零部件      39.62亿|
|603099       长白山      9.99      旅游酒店      40.24亿|
|002965       祥鑫科技      9.99      通用设备      46.92亿|
|002184       海得控制      9.98      专用设备      36.53亿|
|002693       双成药业      9.97      生物制品      33.94亿|
|002547       春兴精工      9.96      消费电子      64.58亿|
|600418       江淮汽车      9.36      汽车整车      313.84亿|
|002375       亚厦股份      9.92      装修装饰      70.81亿|
|002192       融捷股份      9.08      能源金属      143.16亿|
|605128       上海沿浦      8.0      汽车零部件      40.48亿|
|002448       中原内配      8.68      汽车零部件      34.45亿|
|603108       润达医疗      7.51      医疗服务      88.80亿|
|002997       瑞鹄模具      7.31      汽车零部件      70.90亿|
|001328       登康口腔      5.95      化学制品      14.87亿|
|002186       全 聚 德      6.13      旅游酒店      40.54亿|
|603917       合力科技      5.98      汽车零部件      35.28亿|
|002707       众信旅游      5.62      旅游酒店      70.38亿|
|601888       中国中免      5.39      旅游酒店      2182.48亿|
|000638       万方发展      5.04      农牧饲渔      20.60亿|
|002008       大族激光      4.98      通用设备      231.12亿|
|600187       国中水务      4.23      公用事业      47.77亿|
|002675       东诚药业      3.84      化学制药      114.48亿|
|002821       凯莱英      3.81      医疗服务      465.21亿|
|000610       西安旅游      3.79      旅游酒店      41.92亿|
|600776       东方通信      3.61      通信设备      123.32亿|
|600754       锦江酒店      3.52      旅游酒店      365.25亿|
|603199       九华旅游      3.53      旅游酒店      36.02亿|
|600838       上海九百      3.22      商业百货      30.83亿|
|000716       黑芝麻      3.2      食品饮料      49.34亿|
|002248       华东数控      3.21      通用设备      28.69亿|
|601007       金陵饭店      3.11      旅游酒店      36.19亿|
|001311       多利科技      2.94      汽车零部件      25.22亿|
|002406       远东传动      2.79      汽车零部件      32.95亿|
|600138       中青旅      2.55      旅游酒店      93.01亿|
|600315       上海家化      2.55      美容护理      181.43亿|
|000831       中国稀土      2.5      小金属      302.02亿|
|002101       广东鸿图      2.43      汽车零部件      97.99亿|
|600873       梅花生物      2.41      食品饮料      275.50亿|
|000663       永安林业      2.38      装修建材      32.93亿|
|002078       太阳纸业      2.34      造纸印刷      338.82亿|

**************"放量上涨"**************

2023-09-19 00:56:25,673 **************"大海龟"**************

|股票代码      股票名称      涨跌幅      行业      流通值|
|601127       赛力斯      10.01      汽车整车      768.76亿|
|600814       杭州解百      10.05      商业百货      79.87亿|
|600630       龙头股份      10.08      纺织服装      27.83亿|
|601188       龙江交通      10.04      铁路公路      64.87亿|
|600615       丰华股份      10.06      小金属      18.48亿|
|002889       东方嘉盛      10.01      物流行业      35.14亿|
|600203       福日电子      10.07      消费电子      46.67亿|
|603059       倍加洁      10.0      美容护理      25.44亿|
|603099       长白山      9.99      旅游酒店      40.24亿|
|600202       哈空调      10.0      电源设备      26.14亿|
|600408       安泰集团      9.97      煤炭行业      34.43亿|
|002693       双成药业      9.97      生物制品      33.94亿|

**************"大海龟"**************

2023-09-19 00:56:29,191 **************"停机坪"**************

|股票代码      股票名称      涨跌幅      行业      流通值|
|601689       拓普集团      2.67      汽车零部件      816.62亿|
|002955       鸿合科技      0.99      光学光电子      45.82亿|
|603515       欧普照明      -0.14      家电行业      153.77亿|
|001229       魅视科技      -0.55      消费电子      9.04亿|
|002929       润建股份      -2.02      通信服务      70.01亿|
|600895       张江高科      -9.04      房地产开发      369.36亿|

**************"停机坪"**************

2023-09-19 21:07:09,474 
************************ process start ***************************************


2023-09-19 21:07:12,860 【今日A股个股追踪】

>>>>>>>>>>>> 连续缩量1周及以上
603125 常青科技，连续缩量8天，化学制品
000158 常山北明，连续缩量7天，计算机应用
001373 翔腾新材，连续缩量7天，光学光电子
600683 京投发展，连续缩量7天，房地产开发
603078 江化微，连续缩量7天，电子化学品
605488 福莱新材，连续缩量7天，化工合成材料

2023-09-19 21:07:15,015 【今日A股游资、股东追踪】

>>>>>>>>>>>> 内部交易
SH600995 南网储能，唐忠良 于 2023-09-17 以均价 9.76 买入 52000 股

>>>>>>>>>>>> 营业部买入追踪
002194 武汉凡谷，累计买入 3101.88w
605186 健麾信息，累计买入 3013.17w
600186 莲花健康，累计买入 2742.63w
002355 兴民智通，累计买入 2020.55w
603278 大业股份，累计买入 1874.95w
002771 真视通，累计买入 579.48w
603377 东方时尚，累计买入 282.12w

>>>>>>>>>>>> 营业部上榜追踪
国信证券股份有限公司上海广富林路证券营业部 累计买入 804.99w，买入前三票为：常山药业
兴业证券股份有限公司南京庐山路证券营业部 累计买入 1267.96w，买入前三票为：常山药业
中国银河证券股份有限公司北京广安门证券营业部 累计买入 1644.61w，买入前三票为：凡拓数创
光大证券股份有限公司沈阳十一纬路证券营业部 累计买入 1972.29w，买入前三票为：通化金马
广发证券股份有限公司江西分公司（对外营业部） 累计买入 685.78w，买入前三票为：联合精密
中信证券股份有限公司赣州登峰大道证券营业部 累计买入 1705.39w，买入前三票为：粤海饲料
招商证券股份有限公司莆田东园东路证券营业部 累计买入 1974.22w，买入前三票为：粤海饲料
中信证券股份有限公司芜湖北京路证券营业部 累计买入 1839.24w，买入前三票为：兴民智通
光大证券股份有限公司福州五一北路证券营业部 累计买入 740.06w，买入前三票为：先锋电子
广发证券股份有限公司惠州下埔路证券营业部 累计买入 738.81w，买入前三票为：真视通
中泰证券股份有限公司巨野县麒麟大道证券营业部 累计买入 1028.56w，买入前三票为：真视通
长城证券股份有限公司西安锦业路证券营业部 累计买入 1239.39w，买入前三票为：福安药业
华鑫证券有限责任公司深圳分公司 累计买入 1230.68w，买入前三票为：威帝股份,云维股份
华鑫证券有限责任公司上海东大名路证券营业部 累计买入 1425.82w，买入前三票为：上海九百,云维股份
东北证券股份有限公司上海局门路证券营业部 累计买入 139.89w，买入前三票为：云维股份
安信证券股份有限公司梅州新中路证券营业部 累计买入 1629.92w，买入前三票为：大连热电
东莞证券股份有限公司湖南分公司 累计买入 851.38w，买入前三票为：大连热电
国新证券股份有限公司成都交子大道证券营业部 累计买入 569.72w，买入前三票为：合力科技
国融证券股份有限公司浙江分公司 累计买入 381.03w，买入前三票为：合力科技
国泰君安证券股份有限公司荥阳国泰路证券营业部 累计买入 258.41w，买入前三票为：合力科技

2023-09-19 21:07:15,712 【近期热搜个股】

>>>>>>>>>>>> 近一周热搜
股票	热度
飞利信	-7.6
润和软件	-4.26
露笑科技	-3.48
亿纬锂能	-3.31
惠博普	-3.24
三安光电	-3.22
台基股份	-3.18
彩虹股份	-2.65
天齐锂业	-2.56
焦作万方	-1.94
郑州煤电	-1.9
中国石油	-1.82
长电科技	-1.7
上海贝岭	-1.64
包钢股份	-1.56
赣锋锂业	-1.28
通威股份	-1.26
华天科技	-1.14
长安汽车	-1.01
豫能控股	-0.89
比亚迪	-0.75
深圳能源	-0.64
福田汽车	-0.58
格林美	-0.43
三一重工	-0.41
隆基股份	-0.39
华银电力	-0.18
中信证券	0.0
山西汾酒	0.08
陆家嘴	0.09
大北农	0.11
士兰微	0.14
长城汽车	0.16
科大讯飞	0.17
节能风电	0.18
天赐材料	0.54
皇台酒业	0.84
洋河股份	1.14
五粮液	1.15
格力电器	1.39
洛阳钼业	1.44
同花顺	1.68
东方财富	1.75
酒鬼酒	1.76
伊利股份	1.91
紫金矿业	2.33
泸州老窖	2.74
贵州茅台	3.01
立讯精密	3.22
中国平安	3.79

>>>>>>>>>>>> 近一月热搜
股票	热度
长春高新	-10.0
润和软件	-4.26
露笑科技	-3.48
亿纬锂能	-3.31
三安光电	-3.22
朗姿股份	-3.21
通富微电	-3.18
美邦服饰	-3.11
福建金森	-3.09
陕西黑猫	-2.8
天齐锂业	-2.56
焦作万方	-1.94
郑州煤电	-1.9
长电科技	-1.7
包钢股份	-1.56
中材节能	-1.39
赣锋锂业	-1.28
通威股份	-1.26
苏宁环球	-1.11
长安汽车	-1.01
豫能控股	-0.89
比亚迪	-0.75
深圳能源	-0.64
水井坊	-0.64
格林美	-0.43
三一重工	-0.41
隆基股份	-0.39
华银电力	-0.18
中信证券	0.0
山西汾酒	0.08
士兰微	0.14
长城汽车	0.16
金种子酒	0.46
天赐材料	0.54
皇台酒业	0.84
海南椰岛	1.07
洋河股份	1.14
五粮液	1.15
格力电器	1.39
老白干酒	1.42
洛阳钼业	1.44
东方财富	1.75
酒鬼酒	1.76
紫金矿业	2.33
多氟多	2.46
泸州老窖	2.74
长源电力	2.97
贵州茅台	3.01
立讯精密	3.22
中国平安	3.79

2023-09-19 21:07:58,067 【均线多头】

|股票代码      股票名称      涨跌幅      行业      流通值|
|000536       华映科技      10.03      光学光电子      103.06亿|
|000010       美丽生态      6.96      工程建设      19.27亿|
|002310       东方园林      3.79      环保行业      73.53亿|
|603326       我乐家居      3.1      装修建材      40.99亿|
|605069       正和生态      2.4      环保行业      9.69亿|
|002235       安妮股份      0.61      文化传媒      44.90亿|
|600114       东睦股份      0.38      通用设备      64.41亿|
|000090       天健集团      0.32      房地产开发      116.59亿|
|603949       雪龙集团      0.08      汽车零部件      51.86亿|
|002787       华源控股      0.0      包装材料      20.99亿|
|600186       莲花健康      -0.57      食品饮料      93.10亿|
|600257       大湖股份      -0.67      农牧饲渔      35.90亿|
|600272       开开实业      -0.96      医药商业      21.42亿|
|603106       恒银科技      -1.25      计算机设备      37.11亿|
|000766       通化金马      -1.33      化学制药      128.86亿|
|603716       塞力医疗      -1.74      医药商业      22.77亿|
|603220       中贝通信      -1.77      通信服务      77.61亿|
|601136       首创证券      -2.14      证券      58.88亿|
|001324       长青科技      -2.33      交运设备      9.77亿|
|600322       天房发展      -2.99      房地产开发      28.75亿|
|000826       启迪环境      -3.16      环保行业      56.72亿|



2023-09-19 21:08:04,689 【涨停大海龟】

|股票代码      股票名称      涨跌幅      行业      流通值|
|001319       铭科精技      9.99      汽车零部件      14.45亿|
|002826       易明医药      9.99      中药      22.58亿|
|003015       日久光电      9.99      光学光电子      21.11亿|
|000536       华映科技      10.03      光学光电子      103.06亿|
|601188       龙江交通      9.94      铁路公路      71.32亿|



2023-09-19 21:08:10,814 【经典停机坪】

|股票代码      股票名称      涨跌幅      行业      流通值|
|603515       欧普照明      -0.24      家电行业      153.40亿|
|001331       胜通能源      -0.35      物流行业      7.19亿|
|603610       麒盛科技      -0.57      装修建材      44.09亿|
|002955       鸿合科技      -1.67      光学光电子      45.06亿|
|002528       英飞拓      -3.19      软件开发      89.05亿|
|600895       张江高科      -5.28      房地产开发      349.85亿|



2023-09-19 21:08:12,961 
************************ process   end ***************************************

2023-09-19 21:09:33,200 
************************ process start ***************************************


2023-09-19 21:09:37,062 【今日A股个股追踪】

>>>>>>>>>>>> 连续缩量1周及以上
603125 常青科技，连续缩量8天，化学制品
000158 常山北明，连续缩量7天，计算机应用
001373 翔腾新材，连续缩量7天，光学光电子
600683 京投发展，连续缩量7天，房地产开发
603078 江化微，连续缩量7天，电子化学品
605488 福莱新材，连续缩量7天，化工合成材料

2023-09-19 21:09:39,173 【今日A股游资、股东追踪】

>>>>>>>>>>>> 内部交易
SH600995 南网储能，唐忠良 于 2023-09-17 以均价 9.76 买入 52000 股

>>>>>>>>>>>> 营业部买入追踪
002194 武汉凡谷，累计买入 3101.88w
605186 健麾信息，累计买入 3013.17w
600186 莲花健康，累计买入 2742.63w
002355 兴民智通，累计买入 2020.55w
603278 大业股份，累计买入 1874.95w
002771 真视通，累计买入 579.48w
603377 东方时尚，累计买入 282.12w

>>>>>>>>>>>> 营业部上榜追踪
国信证券股份有限公司上海广富林路证券营业部 累计买入 804.99w，买入前三票为：常山药业
兴业证券股份有限公司南京庐山路证券营业部 累计买入 1267.96w，买入前三票为：常山药业
中国银河证券股份有限公司北京广安门证券营业部 累计买入 1644.61w，买入前三票为：凡拓数创
光大证券股份有限公司沈阳十一纬路证券营业部 累计买入 1972.29w，买入前三票为：通化金马
广发证券股份有限公司江西分公司（对外营业部） 累计买入 685.78w，买入前三票为：联合精密
中信证券股份有限公司赣州登峰大道证券营业部 累计买入 1705.39w，买入前三票为：粤海饲料
招商证券股份有限公司莆田东园东路证券营业部 累计买入 1974.22w，买入前三票为：粤海饲料
中信证券股份有限公司芜湖北京路证券营业部 累计买入 1839.24w，买入前三票为：兴民智通
光大证券股份有限公司福州五一北路证券营业部 累计买入 740.06w，买入前三票为：先锋电子
广发证券股份有限公司惠州下埔路证券营业部 累计买入 738.81w，买入前三票为：真视通
中泰证券股份有限公司巨野县麒麟大道证券营业部 累计买入 1028.56w，买入前三票为：真视通
长城证券股份有限公司西安锦业路证券营业部 累计买入 1239.39w，买入前三票为：福安药业
华鑫证券有限责任公司深圳分公司 累计买入 1230.68w，买入前三票为：威帝股份,云维股份
华鑫证券有限责任公司上海东大名路证券营业部 累计买入 1425.82w，买入前三票为：上海九百,云维股份
东北证券股份有限公司上海局门路证券营业部 累计买入 139.89w，买入前三票为：云维股份
安信证券股份有限公司梅州新中路证券营业部 累计买入 1629.92w，买入前三票为：大连热电
东莞证券股份有限公司湖南分公司 累计买入 851.38w，买入前三票为：大连热电
国新证券股份有限公司成都交子大道证券营业部 累计买入 569.72w，买入前三票为：合力科技
国融证券股份有限公司浙江分公司 累计买入 381.03w，买入前三票为：合力科技
国泰君安证券股份有限公司荥阳国泰路证券营业部 累计买入 258.41w，买入前三票为：合力科技

2023-09-19 21:09:39,835 【近期热搜个股】

>>>>>>>>>>>> 近一周热搜
股票	热度
飞利信	-7.6
润和软件	-4.26
露笑科技	-3.48
亿纬锂能	-3.31
惠博普	-3.24
三安光电	-3.22
台基股份	-3.18
彩虹股份	-2.65
天齐锂业	-2.56
焦作万方	-1.94
郑州煤电	-1.9
中国石油	-1.82
长电科技	-1.7
上海贝岭	-1.64
包钢股份	-1.56
赣锋锂业	-1.28
通威股份	-1.26
华天科技	-1.14
长安汽车	-1.01
豫能控股	-0.89
比亚迪	-0.75
深圳能源	-0.64
福田汽车	-0.58
格林美	-0.43
三一重工	-0.41
隆基股份	-0.39
华银电力	-0.18
中信证券	0.0
山西汾酒	0.08
陆家嘴	0.09
大北农	0.11
士兰微	0.14
长城汽车	0.16
科大讯飞	0.17
节能风电	0.18
天赐材料	0.54
皇台酒业	0.84
洋河股份	1.14
五粮液	1.15
格力电器	1.39
洛阳钼业	1.44
同花顺	1.68
东方财富	1.75
酒鬼酒	1.76
伊利股份	1.91
紫金矿业	2.33
泸州老窖	2.74
贵州茅台	3.01
立讯精密	3.22
中国平安	3.79

>>>>>>>>>>>> 近一月热搜
股票	热度
长春高新	-10.0
润和软件	-4.26
露笑科技	-3.48
亿纬锂能	-3.31
三安光电	-3.22
朗姿股份	-3.21
通富微电	-3.18
美邦服饰	-3.11
福建金森	-3.09
陕西黑猫	-2.8
天齐锂业	-2.56
焦作万方	-1.94
郑州煤电	-1.9
长电科技	-1.7
包钢股份	-1.56
中材节能	-1.39
赣锋锂业	-1.28
通威股份	-1.26
苏宁环球	-1.11
长安汽车	-1.01
豫能控股	-0.89
比亚迪	-0.75
深圳能源	-0.64
水井坊	-0.64
格林美	-0.43
三一重工	-0.41
隆基股份	-0.39
华银电力	-0.18
中信证券	0.0
山西汾酒	0.08
士兰微	0.14
长城汽车	0.16
金种子酒	0.46
天赐材料	0.54
皇台酒业	0.84
海南椰岛	1.07
洋河股份	1.14
五粮液	1.15
格力电器	1.39
老白干酒	1.42
洛阳钼业	1.44
东方财富	1.75
酒鬼酒	1.76
紫金矿业	2.33
多氟多	2.46
泸州老窖	2.74
长源电力	2.97
贵州茅台	3.01
立讯精密	3.22
中国平安	3.79

2023-09-19 21:10:23,630 【均线多头】

|股票代码      股票名称      涨跌幅      行业      流通值|
|000536       华映科技      10.03      光学光电子      103.06亿|
|000010       美丽生态      6.96      工程建设      19.27亿|
|002310       东方园林      3.79      环保行业      73.53亿|
|603326       我乐家居      3.1      装修建材      40.99亿|
|605069       正和生态      2.4      环保行业      9.69亿|
|002235       安妮股份      0.61      文化传媒      44.90亿|
|600114       东睦股份      0.38      通用设备      64.41亿|
|000090       天健集团      0.32      房地产开发      116.59亿|
|603949       雪龙集团      0.08      汽车零部件      51.86亿|
|002787       华源控股      0.0      包装材料      20.99亿|
|600186       莲花健康      -0.57      食品饮料      93.10亿|
|600257       大湖股份      -0.67      农牧饲渔      35.90亿|
|600272       开开实业      -0.96      医药商业      21.42亿|
|603106       恒银科技      -1.25      计算机设备      37.11亿|
|000766       通化金马      -1.33      化学制药      128.86亿|
|603716       塞力医疗      -1.74      医药商业      22.77亿|
|603220       中贝通信      -1.77      通信服务      77.61亿|
|601136       首创证券      -2.14      证券      58.88亿|
|001324       长青科技      -2.33      交运设备      9.77亿|
|600322       天房发展      -2.99      房地产开发      28.75亿|
|000826       启迪环境      -3.16      环保行业      56.72亿|



2023-09-19 21:10:30,283 【涨停大海龟】

|股票代码      股票名称      涨跌幅      行业      流通值|
|001319       铭科精技      9.99      汽车零部件      14.45亿|
|000536       华映科技      10.03      光学光电子      103.06亿|
|002826       易明医药      9.99      中药      22.58亿|
|003015       日久光电      9.99      光学光电子      21.11亿|
|601188       龙江交通      9.94      铁路公路      71.32亿|



2023-09-19 21:10:36,365 【经典停机坪】

|股票代码      股票名称      涨跌幅      行业      流通值|
|603515       欧普照明      -0.24      家电行业      153.40亿|
|001331       胜通能源      -0.35      物流行业      7.19亿|
|603610       麒盛科技      -0.57      装修建材      44.09亿|
|002955       鸿合科技      -1.67      光学光电子      45.06亿|
|002528       英飞拓      -3.19      软件开发      89.05亿|
|600895       张江高科      -5.28      房地产开发      349.85亿|



2023-09-19 21:10:38,496 
************************ process   end ***************************************
